# JRE version: OpenJDK Runtime Environment (11.0.15) (build 11.0.15+0-b2043.56-9505619)
# Java VM: OpenJDK 64-Bit Server VM (11.0.15+0-b2043.56-9505619, mixed mode, tiered, compressed oops, g1 gc, windows-amd64)
Heap:
 garbage-first heap   total 356352K, used 190585K [0x0000000080000000, 0x0000000100000000)
  region size 1024K, 52 young (53248K), 2 survivors (2048K)
 Metaspace       used 135934K, capacity 141107K, committed 141352K, reserved 1173504K
  class space    used 16514K, capacity 18397K, committed 18432K, reserved 1048576K
GC Heap History (20 events):
Event: 1567.107 GC heap before
{Heap before GC invocations=175 (full 0):
 garbage-first heap   total 356352K, used 163921K [0x0000000080000000, 0x0000000100000000)
  region size 1024K, 17 young (17408K), 7 survivors (7168K)
 Metaspace       used 133883K, capacity 138267K, committed 138920K, reserved 1169408K
  class space    used 16203K, capacity 17822K, committed 18304K, reserved 1048576K
}
Event: 1567.144 GC heap after
{Heap after GC invocations=176 (full 0):
 garbage-first heap   total 356352K, used 140425K [0x0000000080000000, 0x0000000100000000)
  region size 1024K, 1 young (1024K), 1 survivors (1024K)
 Metaspace       used 133883K, capacity 138267K, committed 138920K, reserved 1169408K
  class space    used 16203K, capacity 17822K, committed 18304K, reserved 1048576K
}
Event: 1591.077 GC heap before
{Heap before GC invocations=176 (full 0):
 garbage-first heap   total 356352K, used 248969K [0x0000000080000000, 0x0000000100000000)
  region size 1024K, 108 young (110592K), 1 survivors (1024K)
 Metaspace       used 135587K, capacity 140836K, committed 141096K, reserved 1171456K
  class space    used 16503K, capacity 18378K, committed 18432K, reserved 1048576K
}
Event: 1591.114 GC heap after
{Heap after GC invocations=177 (full 0):
 garbage-first heap   total 356352K, used 148972K [0x0000000080000000, 0x0000000100000000)
  region size 1024K, 10 young (10240K), 10 survivors (10240K)
 Metaspace       used 135587K, capacity 140836K, committed 141096K, reserved 1171456K
  class space    used 16503K, capacity 18378K, committed 18432K, reserved 1048576K
}
Event: 1593.324 GC heap before
{Heap before GC invocations=178 (full 0):
 garbage-first heap   total 356352K, used 276972K [0x0000000080000000, 0x0000000100000000)
  region size 1024K, 117 young (119808K), 10 survivors (10240K)
 Metaspace       used 135602K, capacity 140900K, committed 141096K, reserved 1171456K
  class space    used 16503K, capacity 18378K, committed 18432K, reserved 1048576K
}
Event: 1593.386 GC heap after
{Heap after GC invocations=179 (full 0):
 garbage-first heap   total 356352K, used 178326K [0x0000000080000000, 0x0000000100000000)
  region size 1024K, 15 young (15360K), 15 survivors (15360K)
 Metaspace       used 135602K, capacity 140900K, committed 141096K, reserved 1171456K
  class space    used 16503K, capacity 18378K, committed 18432K, reserved 1048576K
}
Event: 1593.414 GC heap before
{Heap before GC invocations=179 (full 0):
 garbage-first heap   total 356352K, used 179350K [0x0000000080000000, 0x0000000100000000)
  region size 1024K, 17 young (17408K), 15 survivors (15360K)
 Metaspace       used 135604K, capacity 140900K, committed 141096K, reserved 1171456K
  class space    used 16503K, capacity 18378K, committed 18432K, reserved 1048576K
}
Event: 1593.453 GC heap after
{Heap after GC invocations=180 (full 0):
 garbage-first heap   total 356352K, used 169749K [0x0000000080000000, 0x0000000100000000)
  region size 1024K, 2 young (2048K), 2 survivors (2048K)
 Metaspace       used 135604K, capacity 140900K, committed 141096K, reserved 1171456K
  class space    used 16503K, capacity 18378K, committed 18432K, reserved 1048576K
}
Event: 1594.085 GC heap before
{Heap before GC invocations=180 (full 0):
 garbage-first heap   total 356352K, used 206613K [0x0000000080000000, 0x0000000100000000)
  region size 1024K, 39 young (39936K), 2 survivors (2048K)
 Metaspace       used 135621K, capacity 140900K, committed 141096K, reserved 1171456K
  class space    used 16503K, capacity 18378K, committed 18432K, reserved 1048576K
}
Event: 1594.107 GC heap after
{Heap after GC invocations=181 (full 0):
 garbage-first heap   total 356352K, used 177757K [0x0000000080000000, 0x0000000100000000)
  region size 1024K, 10 young (10240K), 10 survivors (10240K)
 Metaspace       used 135621K, capacity 140900K, committed 141096K, reserved 1171456K
  class space    used 16503K, capacity 18378K, committed 18432K, reserved 1048576K
}
Event: 1595.125 GC heap before
{Heap before GC invocations=182 (full 0):
 garbage-first heap   total 356352K, used 293469K [0x0000000080000000, 0x0000000100000000)
  region size 1024K, 96 young (98304K), 10 survivors (10240K)
 Metaspace       used 135647K, capacity 140901K, committed 141096K, reserved 1171456K
  class space    used 16503K, capacity 18378K, committed 18432K, reserved 1048576K
}
Event: 1595.140 GC heap after
{Heap after GC invocations=183 (full 0):
 garbage-first heap   total 356352K, used 184270K [0x0000000080000000, 0x0000000100000000)
  region size 1024K, 12 young (12288K), 12 survivors (12288K)
 Metaspace       used 135647K, capacity 140901K, committed 141096K, reserved 1171456K
  class space    used 16503K, capacity 18378K, committed 18432K, reserved 1048576K
}
Event: 1595.159 GC heap before
{Heap before GC invocations=183 (full 0):
 garbage-first heap   total 356352K, used 189390K [0x0000000080000000, 0x0000000100000000)
  region size 1024K, 17 young (17408K), 12 survivors (12288K)
 Metaspace       used 135662K, capacity 140901K, committed 141096K, reserved 1171456K
  class space    used 16503K, capacity 18378K, committed 18432K, reserved 1048576K
}
Event: 1595.171 GC heap after
{Heap after GC invocations=184 (full 0):
 garbage-first heap   total 356352K, used 179605K [0x0000000080000000, 0x0000000100000000)
  region size 1024K, 2 young (2048K), 2 survivors (2048K)
 Metaspace       used 135662K, capacity 140901K, committed 141096K, reserved 1171456K
  class space    used 16503K, capacity 18378K, committed 18432K, reserved 1048576K
}
Event: 1595.661 GC heap before
{Heap before GC invocations=184 (full 0):
 garbage-first heap   total 356352K, used 268693K [0x0000000080000000, 0x0000000100000000)
  region size 1024K, 90 young (92160K), 2 survivors (2048K)
 Metaspace       used 135766K, capacity 141032K, committed 141096K, reserved 1171456K
  class space    used 16504K, capacity 18379K, committed 18432K, reserved 1048576K
}
Event: 1595.672 GC heap after
{Heap after GC invocations=185 (full 0):
 garbage-first heap   total 356352K, used 181156K [0x0000000080000000, 0x0000000100000000)
  region size 1024K, 4 young (4096K), 4 survivors (4096K)
 Metaspace       used 135766K, capacity 141032K, committed 141096K, reserved 1171456K
  class space    used 16504K, capacity 18379K, committed 18432K, reserved 1048576K
}
Event: 1606.849 GC heap before
{Heap before GC invocations=186 (full 0):
 garbage-first heap   total 356352K, used 255908K [0x0000000080000000, 0x0000000100000000)
  region size 1024K, 97 young (99328K), 4 survivors (4096K)
 Metaspace       used 135891K, capacity 141080K, committed 141352K, reserved 1173504K
  class space    used 16512K, capacity 18392K, committed 18432K, reserved 1048576K
}
Event: 1606.871 GC heap after
{Heap after GC invocations=187 (full 0):
 garbage-first heap   total 356352K, used 168422K [0x0000000080000000, 0x0000000100000000)
  region size 1024K, 11 young (11264K), 11 survivors (11264K)
 Metaspace       used 135891K, capacity 141080K, committed 141352K, reserved 1173504K
  class space    used 16512K, capacity 18392K, committed 18432K, reserved 1048576K
}
Event: 1607.186 GC heap before
{Heap before GC invocations=187 (full 0):
 garbage-first heap   total 356352K, used 174566K [0x0000000080000000, 0x0000000100000000)
  region size 1024K, 17 young (17408K), 11 survivors (11264K)
 Metaspace       used 135892K, capacity 141080K, committed 141352K, reserved 1173504K
  class space    used 16512K, capacity 18392K, committed 18432K, reserved 1048576K
}
Event: 1607.203 GC heap after
{Heap after GC invocations=188 (full 0):
 garbage-first heap   total 356352K, used 141433K [0x0000000080000000, 0x0000000100000000)
  region size 1024K, 2 young (2048K), 2 survivors (2048K)
 Metaspace       used 135892K, capacity 141080K, committed 141352K, reserved 1173504K
  class space    used 16512K, capacity 18392K, committed 18432K, reserved 1048576K
}

